<?xml version="1.0" encoding="UTF-8"?>
<!-- Generated by org.testng.reporters.JUnitReportReporter -->
<testsuite skipped="0" hostname="Ahammed" name="selectDropDownList.TC007_selectDropDownListFirstManu" tests="1" failures="0" timestamp="15 Jan 2018 21:52:38 GMT" time="9.562" errors="0">
  <testcase name="selectDropDownListFirstManu" time="9.562" classname="selectDropDownList.TC007_selectDropDownListFirstManu"/>
</testsuite> <!-- selectDropDownList.TC007_selectDropDownListFirstManu -->
