<?xml version="1.0" encoding="UTF-8"?>
<!-- Generated by org.testng.reporters.JUnitReportReporter -->
<testsuite skipped="0" hostname="Ahammed" name="inputFormWithVelidation.TC008_inputFormWithVelidation" tests="1" failures="0" timestamp="15 Jan 2018 21:52:38 GMT" time="13.311" errors="0">
  <testcase name="inputFormWithVelidation" time="13.311" classname="inputFormWithVelidation.TC008_inputFormWithVelidation"/>
</testsuite> <!-- inputFormWithVelidation.TC008_inputFormWithVelidation -->
