<?xml version="1.0" encoding="UTF-8"?>
<!-- Generated by org.testng.reporters.JUnitReportReporter -->
<testsuite skipped="0" hostname="Ahammed" name="inputFormWithVelidation.TC009_inputFormWithVelidation_Dynamic" tests="10" failures="0" timestamp="15 Jan 2018 21:52:38 GMT" time="36.605" errors="0">
  <testcase name="inputFormWithVelidation_Dynamic" time="4.314" classname="inputFormWithVelidation.TC009_inputFormWithVelidation_Dynamic"/>
  <testcase name="inputFormWithVelidation_Dynamic" time="3.725" classname="inputFormWithVelidation.TC009_inputFormWithVelidation_Dynamic"/>
  <testcase name="inputFormWithVelidation_Dynamic" time="3.489" classname="inputFormWithVelidation.TC009_inputFormWithVelidation_Dynamic"/>
  <testcase name="inputFormWithVelidation_Dynamic" time="3.879" classname="inputFormWithVelidation.TC009_inputFormWithVelidation_Dynamic"/>
  <testcase name="inputFormWithVelidation_Dynamic" time="3.527" classname="inputFormWithVelidation.TC009_inputFormWithVelidation_Dynamic"/>
  <testcase name="inputFormWithVelidation_Dynamic" time="3.513" classname="inputFormWithVelidation.TC009_inputFormWithVelidation_Dynamic"/>
  <testcase name="inputFormWithVelidation_Dynamic" time="3.507" classname="inputFormWithVelidation.TC009_inputFormWithVelidation_Dynamic"/>
  <testcase name="inputFormWithVelidation_Dynamic" time="3.659" classname="inputFormWithVelidation.TC009_inputFormWithVelidation_Dynamic"/>
  <testcase name="inputFormWithVelidation_Dynamic" time="3.418" classname="inputFormWithVelidation.TC009_inputFormWithVelidation_Dynamic"/>
  <testcase name="inputFormWithVelidation_Dynamic" time="3.574" classname="inputFormWithVelidation.TC009_inputFormWithVelidation_Dynamic"/>
</testsuite> <!-- inputFormWithVelidation.TC009_inputFormWithVelidation_Dynamic -->
