<?xml version="1.0" encoding="UTF-8"?>
<!-- Generated by org.testng.reporters.JUnitReportReporter -->
<testsuite skipped="0" hostname="Ahammed" name="simpleFormDemo.TC002_simpleFormDemo_DoubleInput" tests="1" failures="0" timestamp="15 Jan 2018 21:52:38 GMT" time="9.307" errors="0">
  <testcase name="methodName" time="9.307" classname="simpleFormDemo.TC002_simpleFormDemo_DoubleInput"/>
</testsuite> <!-- simpleFormDemo.TC002_simpleFormDemo_DoubleInput -->
