<?xml version="1.0" encoding="UTF-8"?>
<!-- Generated by org.testng.reporters.JUnitReportReporter -->
<testsuite skipped="0" hostname="DESKTOP-O0HJJDF" name="bootStrapDatePicker.TC010_BoothDatePicker" tests="1" failures="0" timestamp="28 Sep 2018 00:06:07 GMT" time="35.555" errors="0">
  <testcase name="BoothDatePicker" time="35.555" classname="bootStrapDatePicker.TC010_BoothDatePicker"/>
</testsuite> <!-- bootStrapDatePicker.TC010_BoothDatePicker -->
