<?xml version="1.0" encoding="UTF-8"?>
<!-- Generated by org.testng.reporters.JUnitReportReporter -->
<testsuite skipped="0" hostname="Ahammed" name="bootStrapDatePicker.TC011_DateRangeExample" tests="1" failures="0" timestamp="02 Jan 2018 05:19:18 GMT" time="13.204" errors="0">
  <testcase name="methodName" time="13.204" classname="bootStrapDatePicker.TC011_DateRangeExample"/>
</testsuite> <!-- bootStrapDatePicker.TC011_DateRangeExample -->
