<?xml version="1.0" encoding="UTF-8"?>
<!-- Generated by org.testng.reporters.JUnitReportReporter -->
<testsuite skipped="0" hostname="Ahammed" name="radioButtonDemo.TC005_radioButtonDemo" tests="1" failures="0" timestamp="15 Jan 2018 21:52:38 GMT" time="8.759" errors="0">
  <testcase name="radioButtonDemo" time="8.759" classname="radioButtonDemo.TC005_radioButtonDemo"/>
</testsuite> <!-- radioButtonDemo.TC005_radioButtonDemo -->
